<?xml version="1.0" encoding="UTF-8"?>
<!-- Generated by org.testng.reporters.JUnitXMLReporter -->
<testsuite hostname="NOI1-TEM989" name="Testing the Selling Books" tests="1" failures="0" timestamp="17 Feb 2016 16:14:03 GMT" time="0.0" errors="0">
  <testcase name="@BeforeTest shouldWeSkip" time="0.0" classname="tests.SellingBooks">
    <skipped/>
  </testcase> <!-- @BeforeTest shouldWeSkip -->
  <testcase name="testSellingBooks" time="0.0" classname="tests.SellingBooks">
    <skipped/>
  </testcase> <!-- testSellingBooks -->
</testsuite> <!-- Testing the Selling Books -->
