<?xml version="1.0" encoding="UTF-8"?>
<!-- Generated by org.testng.reporters.JUnitXMLReporter -->
<testsuite hostname="NOI1-TEM989" name="Default test" tests="6" failures="0" timestamp="17 Feb 2016 16:13:14 GMT" time="0.038" errors="0">
  <testcase name="@BeforeTest shouldWeSkip" time="0.0" classname="tests.LoginTest">
    <skipped/>
  </testcase> <!-- @BeforeTest shouldWeSkip -->
  <testcase name="@BeforeMethod openBrowser" time="0.0" classname="tests.LoginTest">
    <skipped/>
  </testcase> <!-- @BeforeMethod openBrowser -->
  <testcase name="@AfterMethod closeBrowser" time="0.0" classname="tests.LoginTest">
    <skipped/>
  </testcase> <!-- @AfterMethod closeBrowser -->
  <testcase name="@BeforeMethod openBrowser" time="0.0" classname="tests.LoginTest">
    <skipped/>
  </testcase> <!-- @BeforeMethod openBrowser -->
  <testcase name="@AfterMethod closeBrowser" time="0.0" classname="tests.LoginTest">
    <skipped/>
  </testcase> <!-- @AfterMethod closeBrowser -->
  <testcase name="@AfterTest closeConnection" time="0.0" classname="tests.LoginTest">
    <skipped/>
  </testcase> <!-- @AfterTest closeConnection -->
  <testcase name="testSellingBooks" time="0.0" classname="tests.SellingBooks">
    <skipped/>
  </testcase> <!-- testSellingBooks -->
  <testcase name="testLogin" time="0.016" classname="tests.LoginTest">
    <skipped/>
  </testcase> <!-- testLogin -->
  <testcase name="testRegister" time="0.0" classname="tests.LoginTest">
    <skipped/>
  </testcase> <!-- testRegister -->
  <testcase name="testSendingMail" time="0.0" classname="tests.SendMailTest">
    <skipped/>
  </testcase> <!-- testSendingMail -->
  <testcase name="testSendingMail" time="0.0" classname="tests.SendMailTest">
    <skipped/>
  </testcase> <!-- testSendingMail -->
  <testcase name="testGoogleSearch" time="0.0" classname="tests.UsingAssertion">
    <skipped/>
  </testcase> <!-- testGoogleSearch -->
</testsuite> <!-- Default test -->
